<?xml version="1.0" encoding="UTF-8"?>
<!-- Generated by org.testng.reporters.JUnitReportReporter -->
<testsuite hostname="hms-update4" name="HMSTestProject.HMSTestProject.GoogleTest" tests="1" failures="0" timestamp="26 Jul 2017 10:05:51 GMT" time="16.567" errors="0">
  <testcase name="fn_runGoogle" time="16.567" classname="HMSTestProject.HMSTestProject.GoogleTest"/>
</testsuite> <!-- HMSTestProject.HMSTestProject.GoogleTest -->
